Using pre-set license
Built from '2020.3/staging' branch; Version is '2020.3.6f1 (338bb68529b2) revision 3378102'; Using compiler version '192528614'; Build Type 'Release'
OS: 'Windows 10 Pro N; OS build 19042.1348; Version 2009; 64bit' Language: 'pl' Physical Memory: 32599 MB
BatchMode: 1, IsHumanControllingUs: 0, StartBugReporterOnCrash: 0, Is64bit: 1, IsPro: 0

 COMMAND LINE ARGUMENTS:
C:\Program Files\Unity\Hub\Editor\2020.3.6f1\Editor\Unity.exe
-adb2
-batchMode
-noUpm
-name
AssetImportWorker0
-projectPath
E:/Giganci/UnitySem3Readt
-logFile
Logs/AssetImportWorker0.log
-srvPort
51586
Successfully changed project path to: E:/Giganci/UnitySem3Readt
E:/Giganci/UnitySem3Readt
Using Asset Import Pipeline V2.
Refreshing native plugins compatible for Editor in 28.09 ms, found 0 plugins.
Preloading 0 native plugins for Editor in 0.00 ms.
Initialize engine version: 2020.3.6f1 (338bb68529b2)
[Subsystems] Discovering subsystems at path C:/Program Files/Unity/Hub/Editor/2020.3.6f1/Editor/Data/Resources/UnitySubsystems
[Subsystems] Discovering subsystems at path E:/Giganci/UnitySem3Readt/Assets
GfxDevice: creating device client; threaded=0
Direct3D:
    Version:  Direct3D 11.0 [level 11.1]
    Renderer: NVIDIA GeForce RTX 2060 (ID=0x1f15)
    Vendor:   
    VRAM:     5980 MB
    Driver:   27.21.14.5167
Initialize mono
Mono path[0] = 'C:/Program Files/Unity/Hub/Editor/2020.3.6f1/Editor/Data/Managed'
Mono path[1] = 'C:/Program Files/Unity/Hub/Editor/2020.3.6f1/Editor/Data/MonoBleedingEdge/lib/mono/unityjit'
Mono config path = 'C:/Program Files/Unity/Hub/Editor/2020.3.6f1/Editor/Data/MonoBleedingEdge/etc'
Using monoOptions --debugger-agent=transport=dt_socket,embedding=1,server=y,suspend=n,address=127.0.0.1:56200
Begin MonoManager ReloadAssembly
Registering precompiled unity dll's ...
Register platform support module: C:/Program Files/Unity/Hub/Editor/2020.3.6f1/Editor/Data/PlaybackEngines/WebGLSupport/UnityEditor.WebGL.Extensions.dll
Register platform support module: C:/Program Files/Unity/Hub/Editor/2020.3.6f1/Editor/Data/PlaybackEngines/WindowsStandaloneSupport/UnityEditor.WindowsStandalone.Extensions.dll
Registered in 0.002185 seconds.
Native extension for WindowsStandalone target not found
Native extension for WebGL target not found
Refreshing native plugins compatible for Editor in 26.99 ms, found 0 plugins.
Preloading 0 native plugins for Editor in 0.00 ms.
Mono: successfully reloaded assembly
- Completed reload, in  2.108 seconds
Platform modules already initialized, skipping
Registering precompiled user dll's ...
Registered in 0.001606 seconds.
Begin MonoManager ReloadAssembly
Native extension for WindowsStandalone target not found
Native extension for WebGL target not found
Refreshing native plugins compatible for Editor in 0.58 ms, found 0 plugins.
Preloading 0 native plugins for Editor in 0.00 ms.
Mono: successfully reloaded assembly
- Completed reload, in  0.917 seconds
Platform modules already initialized, skipping
========================================================================
Worker process is ready to serve import requests
Launched and connected shader compiler UnityShaderCompiler.exe after 0.04 seconds
Refreshing native plugins compatible for Editor in 0.67 ms, found 0 plugins.
Preloading 0 native plugins for Editor in 0.00 ms.
Unloading 1498 Unused Serialized files (Serialized files now loaded: 0)
System memory in use before: 83.6 MB.
System memory in use after: 83.6 MB.

Unloading 17 unused Assets to reduce memory usage. Loaded Objects now: 1957.
Total: 1.636900 ms (FindLiveObjects: 0.161100 ms CreateObjectMapping: 0.052500 ms MarkObjects: 1.326700 ms  DeleteObjects: 0.095500 ms)

========================================================================
Received Import Request.
  path: Assets/Scenes/KartTest.unity
  artifactKey: Guid(f919c56811ecf1941b1baba4fdf80fbe) Importer(815301076,1909f56bfc062723c751e8b465ee728b)
Start importing Assets/Scenes/KartTest.unity using Guid(f919c56811ecf1941b1baba4fdf80fbe) Importer(815301076,1909f56bfc062723c751e8b465ee728b)  -> (artifact id: '6f5522e141c38f1ce28083038e8bc950') in 0.023840 seconds
  Import took 0.026060 seconds .

========================================================================
Received Import Request.
  Time since last request: 443.746004 seconds.
  path: Assets/Scenes/Menu.unity
  artifactKey: Guid(a84bc9d1518438b4c954e54024ea5984) Importer(815301076,1909f56bfc062723c751e8b465ee728b)
Start importing Assets/Scenes/Menu.unity using Guid(a84bc9d1518438b4c954e54024ea5984) Importer(815301076,1909f56bfc062723c751e8b465ee728b)  -> (artifact id: '886d9dc3c4e443130da4bd1796b66691') in 0.008407 seconds
  Import took 0.011404 seconds .

========================================================================
Received Import Request.
  Time since last request: 74.448322 seconds.
  path: Assets/Scenes/KartTest.unity
  artifactKey: Guid(f919c56811ecf1941b1baba4fdf80fbe) Importer(815301076,1909f56bfc062723c751e8b465ee728b)
Start importing Assets/Scenes/KartTest.unity using Guid(f919c56811ecf1941b1baba4fdf80fbe) Importer(815301076,1909f56bfc062723c751e8b465ee728b)  -> (artifact id: 'b46fbf105bcd644806f1bf72062a2d38') in 0.004041 seconds
  Import took 0.006419 seconds .

========================================================================
Received Prepare
Registering precompiled user dll's ...
Registered in 0.001390 seconds.
Begin MonoManager ReloadAssembly
Native extension for WindowsStandalone target not found
Native extension for WebGL target not found
Refreshing native plugins compatible for Editor in 0.28 ms, found 0 plugins.
Preloading 0 native plugins for Editor in 0.00 ms.
Mono: successfully reloaded assembly
- Completed reload, in  0.747 seconds
Platform modules already initialized, skipping
Refreshing native plugins compatible for Editor in 0.28 ms, found 0 plugins.
Preloading 0 native plugins for Editor in 0.00 ms.
Unloading 1490 Unused Serialized files (Serialized files now loaded: 0)
System memory in use before: 83.3 MB.
System memory in use after: 83.4 MB.

Unloading 11 unused Assets to reduce memory usage. Loaded Objects now: 1961.
Total: 2.228400 ms (FindLiveObjects: 0.229300 ms CreateObjectMapping: 0.069700 ms MarkObjects: 1.840200 ms  DeleteObjects: 0.088500 ms)

========================================================================
Received Prepare
Registering precompiled user dll's ...
Registered in 0.001627 seconds.
Begin MonoManager ReloadAssembly
Native extension for WindowsStandalone target not found
Native extension for WebGL target not found
Refreshing native plugins compatible for Editor in 0.27 ms, found 0 plugins.
Preloading 0 native plugins for Editor in 0.00 ms.
Mono: successfully reloaded assembly
- Completed reload, in  0.812 seconds
Platform modules already initialized, skipping
Refreshing native plugins compatible for Editor in 0.28 ms, found 0 plugins.
Preloading 0 native plugins for Editor in 0.00 ms.
Unloading 1490 Unused Serialized files (Serialized files now loaded: 0)
System memory in use before: 83.3 MB.
System memory in use after: 83.4 MB.

Unloading 11 unused Assets to reduce memory usage. Loaded Objects now: 1965.
Total: 1.741200 ms (FindLiveObjects: 0.206600 ms CreateObjectMapping: 0.047800 ms MarkObjects: 1.417100 ms  DeleteObjects: 0.068500 ms)

========================================================================
Received Import Request.
  Time since last request: 2795.016170 seconds.
  path: Assets/Prefabs/CarObject.prefab
  artifactKey: Guid(29f0c8ab4ce047b4d86a32922147ee97) Importer(815301076,1909f56bfc062723c751e8b465ee728b)
Start importing Assets/Prefabs/CarObject.prefab using Guid(29f0c8ab4ce047b4d86a32922147ee97) Importer(815301076,1909f56bfc062723c751e8b465ee728b)  -> (artifact id: '343302632b1ed55e3a3145ec79afc843') in 0.130274 seconds
  Import took 0.132841 seconds .

========================================================================
Received Import Request.
  Time since last request: 0.002258 seconds.
  path: Assets/Prefabs/CarObject.prefab
  artifactKey: Guid(29f0c8ab4ce047b4d86a32922147ee97) Importer(815301076,1909f56bfc062723c751e8b465ee728b)
Start importing Assets/Prefabs/CarObject.prefab using Guid(29f0c8ab4ce047b4d86a32922147ee97) Importer(815301076,1909f56bfc062723c751e8b465ee728b)  -> (artifact id: '343302632b1ed55e3a3145ec79afc843') in 0.013451 seconds
  Import took 0.016815 seconds .

========================================================================
Received Import Request.
  Time since last request: 0.431357 seconds.
  path: Assets/Resources/CarObject.prefab
  artifactKey: Guid(6962caabc2d06d443bcdf8677111501b) Importer(815301076,1909f56bfc062723c751e8b465ee728b)
Start importing Assets/Resources/CarObject.prefab using Guid(6962caabc2d06d443bcdf8677111501b) Importer(815301076,1909f56bfc062723c751e8b465ee728b)  -> (artifact id: '99557ea9adb5e3dcaec680c97d2ec37a') in 0.016543 seconds
  Import took 0.018979 seconds .

========================================================================
Received Import Request.
  Time since last request: 470.244198 seconds.
  path: Assets/Prefabs/CarObject.prefab
  artifactKey: Guid(29f0c8ab4ce047b4d86a32922147ee97) Importer(815301076,1909f56bfc062723c751e8b465ee728b)
Start importing Assets/Prefabs/CarObject.prefab using Guid(29f0c8ab4ce047b4d86a32922147ee97) Importer(815301076,1909f56bfc062723c751e8b465ee728b)  -> (artifact id: 'c63069c1c63dd0bb40907dd8ca573bb4') in 0.017427 seconds
  Import took 0.020958 seconds .

========================================================================
Received Import Request.
  Time since last request: 16.311041 seconds.
  path: Assets/Resources/CarObject.prefab
  artifactKey: Guid(6962caabc2d06d443bcdf8677111501b) Importer(815301076,1909f56bfc062723c751e8b465ee728b)
Start importing Assets/Resources/CarObject.prefab using Guid(6962caabc2d06d443bcdf8677111501b) Importer(815301076,1909f56bfc062723c751e8b465ee728b)  -> (artifact id: '7e29fe2cd87ac43be53832163d2a8c71') in 0.056846 seconds
  Import took 0.059896 seconds .

AssetImportWorkerClient::OnTransportError - code=2 error=End of file
